# JRE version: OpenJDK Runtime Environment (11.0.11+9) (build 11.0.11+9-b60-7590822)
# Java VM: OpenJDK 64-Bit Server VM (11.0.11+9-b60-7590822, mixed mode, tiered, compressed oops, g1 gc, windows-amd64)
Heap:
 garbage-first heap   total 199680K, used 125774K [0x0000000080000000, 0x0000000100000000)
  region size 1024K, 7 young (7168K), 3 survivors (3072K)
 Metaspace       used 96261K, capacity 98748K, committed 99016K, reserved 1134592K
  class space    used 12436K, capacity 13346K, committed 13440K, reserved 1048576K
GC Heap History (20 events):
Event: 46.957 GC heap before
{Heap before GC invocations=50 (full 0):
 garbage-first heap   total 138240K, used 102808K [0x0000000080000000, 0x0000000100000000)
  region size 1024K, 4 young (4096K), 2 survivors (2048K)
 Metaspace       used 82190K, capacity 84220K, committed 84552K, reserved 1122304K
  class space    used 10665K, capacity 11401K, committed 11520K, reserved 1048576K
}
Event: 46.966 GC heap after
{Heap after GC invocations=51 (full 0):
 garbage-first heap   total 165888K, used 103886K [0x0000000080000000, 0x0000000100000000)
  region size 1024K, 2 young (2048K), 2 survivors (2048K)
 Metaspace       used 82190K, capacity 84220K, committed 84552K, reserved 1122304K
  class space    used 10665K, capacity 11401K, committed 11520K, reserved 1048576K
}
Event: 48.282 GC heap before
{Heap before GC invocations=52 (full 0):
 garbage-first heap   total 165888K, used 130510K [0x0000000080000000, 0x0000000100000000)
  region size 1024K, 24 young (24576K), 2 survivors (2048K)
 Metaspace       used 83290K, capacity 85455K, committed 85704K, reserved 1124352K
  class space    used 10811K, capacity 11553K, committed 11648K, reserved 1048576K
}
Event: 48.293 GC heap after
{Heap after GC invocations=53 (full 0):
 garbage-first heap   total 165888K, used 111758K [0x0000000080000000, 0x0000000100000000)
  region size 1024K, 3 young (3072K), 3 survivors (3072K)
 Metaspace       used 83290K, capacity 85455K, committed 85704K, reserved 1124352K
  class space    used 10811K, capacity 11553K, committed 11648K, reserved 1048576K
}
Event: 49.058 GC heap before
{Heap before GC invocations=53 (full 0):
 garbage-first heap   total 165888K, used 131214K [0x0000000080000000, 0x0000000100000000)
  region size 1024K, 23 young (23552K), 3 survivors (3072K)
 Metaspace       used 83999K, capacity 86230K, committed 86344K, reserved 1124352K
  class space    used 10901K, capacity 11697K, committed 11776K, reserved 1048576K
}
Event: 49.065 GC heap after
{Heap after GC invocations=54 (full 0):
 garbage-first heap   total 165888K, used 113321K [0x0000000080000000, 0x0000000100000000)
  region size 1024K, 2 young (2048K), 2 survivors (2048K)
 Metaspace       used 83999K, capacity 86230K, committed 86344K, reserved 1124352K
  class space    used 10901K, capacity 11697K, committed 11776K, reserved 1048576K
}
Event: 49.305 GC heap before
{Heap before GC invocations=55 (full 0):
 garbage-first heap   total 165888K, used 120489K [0x0000000080000000, 0x0000000100000000)
  region size 1024K, 11 young (11264K), 2 survivors (2048K)
 Metaspace       used 85269K, capacity 87458K, committed 87752K, reserved 1126400K
  class space    used 11044K, capacity 11827K, committed 11904K, reserved 1048576K
}
Event: 49.311 GC heap after
{Heap after GC invocations=56 (full 0):
 garbage-first heap   total 165888K, used 114088K [0x0000000080000000, 0x0000000100000000)
  region size 1024K, 3 young (3072K), 3 survivors (3072K)
 Metaspace       used 85269K, capacity 87458K, committed 87752K, reserved 1126400K
  class space    used 11044K, capacity 11827K, committed 11904K, reserved 1048576K
}
Event: 50.042 GC heap before
{Heap before GC invocations=57 (full 0):
 garbage-first heap   total 165888K, used 134568K [0x0000000080000000, 0x0000000100000000)
  region size 1024K, 22 young (22528K), 3 survivors (3072K)
 Metaspace       used 87625K, capacity 89842K, committed 90056K, reserved 1128448K
  class space    used 11277K, capacity 12088K, committed 12160K, reserved 1048576K
}
Event: 50.049 GC heap after
{Heap after GC invocations=58 (full 0):
 garbage-first heap   total 165888K, used 114252K [0x0000000080000000, 0x0000000100000000)
  region size 1024K, 1 young (1024K), 1 survivors (1024K)
 Metaspace       used 87625K, capacity 89842K, committed 90056K, reserved 1128448K
  class space    used 11277K, capacity 12088K, committed 12160K, reserved 1048576K
}
Event: 51.611 GC heap before
{Heap before GC invocations=58 (full 0):
 garbage-first heap   total 165888K, used 134732K [0x0000000080000000, 0x0000000100000000)
  region size 1024K, 21 young (21504K), 1 survivors (1024K)
 Metaspace       used 89616K, capacity 91803K, committed 91848K, reserved 1128448K
  class space    used 11591K, capacity 12391K, committed 12416K, reserved 1048576K
}
Event: 51.622 GC heap after
{Heap after GC invocations=59 (full 0):
 garbage-first heap   total 165888K, used 114951K [0x0000000080000000, 0x0000000100000000)
  region size 1024K, 2 young (2048K), 2 survivors (2048K)
 Metaspace       used 89616K, capacity 91803K, committed 91848K, reserved 1128448K
  class space    used 11591K, capacity 12391K, committed 12416K, reserved 1048576K
}
Event: 52.949 GC heap before
{Heap before GC invocations=60 (full 0):
 garbage-first heap   total 165888K, used 135431K [0x0000000080000000, 0x0000000100000000)
  region size 1024K, 22 young (22528K), 2 survivors (2048K)
 Metaspace       used 93305K, capacity 95557K, committed 95688K, reserved 1132544K
  class space    used 12005K, capacity 12825K, committed 12928K, reserved 1048576K
}
Event: 52.956 GC heap after
{Heap after GC invocations=61 (full 0):
 garbage-first heap   total 165888K, used 115996K [0x0000000080000000, 0x0000000100000000)
  region size 1024K, 3 young (3072K), 3 survivors (3072K)
 Metaspace       used 93305K, capacity 95557K, committed 95688K, reserved 1132544K
  class space    used 12005K, capacity 12825K, committed 12928K, reserved 1048576K
}
Event: 53.613 GC heap before
{Heap before GC invocations=61 (full 0):
 garbage-first heap   total 165888K, used 137500K [0x0000000080000000, 0x0000000100000000)
  region size 1024K, 24 young (24576K), 3 survivors (3072K)
 Metaspace       used 94907K, capacity 97126K, committed 97352K, reserved 1134592K
  class space    used 12215K, capacity 13021K, committed 13056K, reserved 1048576K
}
Event: 53.629 GC heap after
{Heap after GC invocations=62 (full 0):
 garbage-first heap   total 165888K, used 117860K [0x0000000080000000, 0x0000000100000000)
  region size 1024K, 3 young (3072K), 3 survivors (3072K)
 Metaspace       used 94907K, capacity 97126K, committed 97352K, reserved 1134592K
  class space    used 12215K, capacity 13021K, committed 13056K, reserved 1048576K
}
Event: 54.617 GC heap before
{Heap before GC invocations=63 (full 0):
 garbage-first heap   total 165888K, used 138340K [0x0000000080000000, 0x0000000100000000)
  region size 1024K, 23 young (23552K), 3 survivors (3072K)
 Metaspace       used 96041K, capacity 98467K, committed 98760K, reserved 1134592K
  class space    used 12412K, capacity 13315K, committed 13440K, reserved 1048576K
}
Event: 54.628 GC heap after
{Heap after GC invocations=64 (full 0):
 garbage-first heap   total 165888K, used 119936K [0x0000000080000000, 0x0000000100000000)
  region size 1024K, 3 young (3072K), 3 survivors (3072K)
 Metaspace       used 96041K, capacity 98467K, committed 98760K, reserved 1134592K
  class space    used 12412K, capacity 13315K, committed 13440K, reserved 1048576K
}
Event: 55.242 GC heap before
{Heap before GC invocations=64 (full 0):
 garbage-first heap   total 165888K, used 138368K [0x0000000080000000, 0x0000000100000000)
  region size 1024K, 22 young (22528K), 3 survivors (3072K)
 Metaspace       used 96247K, capacity 98748K, committed 99016K, reserved 1134592K
  class space    used 12436K, capacity 13346K, committed 13440K, reserved 1048576K
}
Event: 55.259 GC heap after
{Heap after GC invocations=65 (full 0):
 garbage-first heap   total 199680K, used 122702K [0x0000000080000000, 0x0000000100000000)
  region size 1024K, 3 young (3072K), 3 survivors (3072K)
 Metaspace       used 96247K, capacity 98748K, committed 99016K, reserved 1134592K
  class space    used 12436K, capacity 13346K, committed 13440K, reserved 1048576K
}

